Microsoft (R) Macro Assembler Version 6.11		    02/14/24 07:26:29
hello.asm						     Page 1 - 1


				.MODEL TINY
				.DOSSEG
 0000				.DATA
 0000 48 45 4C 4C 4F 2C		   MSG DB "HELLO,WORLD!",0Dh,0Ah,"$"
       57 4F 52 4C 44 21
       0D 0A 24
 0000				.CODE
				.STARTUP
 0100  B4 09			   MOV  AH, 09h
 0102  BA 0000 R		   MOV  DX, OFFSET MSG
 0105  CD 21			   INT  21h
 0107  B4 4C			   MOV	AH, 4Ch
 0109  CD 21			   INT  21h
				END
Microsoft (R) Macro Assembler Version 6.11		    02/14/24 07:26:29
hello.asm						     Symbols 2 - 1




Segments and Groups:

                N a m e                 Size     Length   Align   Combine Class

DGROUP . . . . . . . . . . . . .	GROUP
_TEXT  . . . . . . . . . . . . .	16 Bit	 010B	  Word	  Public  'CODE'	
_DATA  . . . . . . . . . . . . .	16 Bit	 000F	  Word	  Public  'DATA'	


Symbols:

                N a m e                 Type     Value    Attr

@CodeSize  . . . . . . . . . . .	Number	 0000h	 
@DataSize  . . . . . . . . . . .	Number	 0000h	 
@Interface . . . . . . . . . . .	Number	 0000h	 
@Model . . . . . . . . . . . . .	Number	 0001h	 
@Startup . . . . . . . . . . . .	L Near	 0100	  _TEXT	
@code  . . . . . . . . . . . . .	Text   	 DGROUP
@data  . . . . . . . . . . . . .	Text   	 DGROUP
@fardata?  . . . . . . . . . . .	Text   	 FAR_BSS
@fardata . . . . . . . . . . . .	Text   	 FAR_DATA
@stack . . . . . . . . . . . . .	Text   	 DGROUP
MSG  . . . . . . . . . . . . . .	Byte	 0000	  _DATA	

	   0 Warnings
	   0 Errors
