Microsoft (R) Macro Assembler Version 6.11		    03/05/24 22:47:14
NEW.ASM							     Page 1 - 1


				.MODEL TINY 
				.DOSSEG
 0000				.DATA 
 0000 48 65 6C 6C 6F 2C		     	 MSG DB "Hello, World!", 0Dh, 0Ah, '$';
       20 57 6F 72 6C 64
       21 0D 0A 24
 0000				.CODE
				.STARTUP
 0100  B4 09			     	 MOV AH, 09h;
 0102  BA 0000 R			 MOV DX, OFFSET MSG;
 0105  CD 21			 	 INT 21h;
					 MOVE AH, 4Ch;
NEW.ASM(10): error A2008:  : ah
 0107  CD 21				 INT 21h;
				END
Microsoft (R) Macro Assembler Version 6.11		    03/05/24 22:47:14
NEW.ASM							     Symbols 2 - 1




Segments and Groups:

                N a m e                 Size     Length   Align   Combine Class

DGROUP . . . . . . . . . . . . .	GROUP
_TEXT  . . . . . . . . . . . . .	16 Bit	 0109	  Word	  Public  'CODE'	
_DATA  . . . . . . . . . . . . .	16 Bit	 0010	  Word	  Public  'DATA'	


Symbols:

                N a m e                 Type     Value    Attr

@CodeSize  . . . . . . . . . . .	Number	 0000h	 
@DataSize  . . . . . . . . . . .	Number	 0000h	 
@Interface . . . . . . . . . . .	Number	 0000h	 
@Model . . . . . . . . . . . . .	Number	 0001h	 
@Startup . . . . . . . . . . . .	L Near	 0100	  _TEXT	
@code  . . . . . . . . . . . . .	Text   	 DGROUP
@data  . . . . . . . . . . . . .	Text   	 DGROUP
@fardata?  . . . . . . . . . . .	Text   	 FAR_BSS
@fardata . . . . . . . . . . . .	Text   	 FAR_DATA
@stack . . . . . . . . . . . . .	Text   	 DGROUP
MSG  . . . . . . . . . . . . . .	Byte	 0000	  _DATA	

	   0 Warnings
	   1 Errors
